TN:
SF:/Users/angeldominguez/Desktop/nodejs/Platzi/platziverse/platziverse-alt-db/index.js
FN:8,(anonymous_0)
FNF:1
FNH:1
FNDA:3,(anonymous_0)
DA:2,3
DA:3,3
DA:4,3
DA:5,3
DA:6,3
DA:8,3
DA:10,3
DA:23,3
DA:24,3
DA:25,3
DA:28,3
DA:29,3
DA:32,3
DA:35,3
DA:36,0
DA:41,3
DA:42,3
DA:44,3
LF:18
LH:17
BRDA:35,0,0,0
BRDA:35,0,1,3
BRF:2
BRH:1
end_of_record
TN:
SF:/Users/angeldominguez/Desktop/nodejs/Platzi/platziverse/platziverse-alt-db/lib/agent.js
FN:3,setupAgent
FN:4,findById
FNF:2
FNH:1
FNDA:3,setupAgent
FNDA:0,findById
DA:3,1
DA:5,0
LF:2
LH:1
BRF:0
BRH:0
end_of_record
TN:
SF:/Users/angeldominguez/Desktop/nodejs/Platzi/platziverse/platziverse-alt-db/lib/db.js
FN:9,setupDatabase
FNF:1
FNH:1
FNDA:3,setupDatabase
DA:6,1
DA:7,1
DA:9,1
DA:13,3
DA:14,1
DA:16,3
LF:6
LH:6
BRDA:13,0,0,1
BRDA:13,0,1,2
BRF:2
BRH:2
end_of_record
TN:
SF:/Users/angeldominguez/Desktop/nodejs/Platzi/platziverse/platziverse-alt-db/models/agent.js
FN:6,setupAgentModel
FNF:1
FNH:0
FNDA:0,setupAgentModel
DA:3,1
DA:4,1
DA:6,1
DA:8,0
DA:10,0
LF:5
LH:3
BRF:0
BRH:0
end_of_record
TN:
SF:/Users/angeldominguez/Desktop/nodejs/Platzi/platziverse/platziverse-alt-db/models/metric.js
FN:6,setupMetricModel
FNF:1
FNH:0
FNDA:0,setupMetricModel
DA:3,1
DA:4,1
DA:6,1
DA:8,0
DA:10,0
LF:5
LH:3
BRF:0
BRH:0
end_of_record
